>>> make pytest
  ● Executing pytest in ohnope..
============================= test session starts ==============================
platform linux -- Python 3.12.9, pytest-8.3.5, pluggy-1.5.0 -- /home/runner/work/ohnope/ohnope/main/.venv-package/bin/python3
cachedir: .pytest_cache
Using --randomly-seed=786698287
rootdir: /home/runner/work/ohnope/ohnope/main
configfile: pyproject.toml
plugins: respx-0.22.0, anyio-4.8.0, sphinx-0.6.3, clarity-1.0.1, cov-6.0.0, mypy-0.10.3, randomly-3.16.0, xdist-3.6.1, mock-3.14.0
created: 4/4 workers
4 workers [51 items]

scheduling tests via LoadScheduling

ohnope/conftest.py::mypy 
ohnope/execution/test/test_crypts.py::mypy 
ohnope/ohnope/test/test_config.py::test_OhnopeConfig 
ohnope/execution/__init__.py::mypy 
[gw0] [  1%] PASSED ohnope/ohnope/test/test_config.py::test_OhnopeConfig 
ohnope/ohnope/test/test_service.py::test_RobieService 
[gw1] [  3%] PASSED ohnope/conftest.py::mypy 
ohnope/__init__.py::mypy-status 
[gw1] [  5%] PASSED ohnope/__init__.py::mypy-status 
ohnope/execution/crypts.py::mypy 
[gw1] [  7%] PASSED ohnope/execution/crypts.py::mypy 
ohnope/ohnope/test/test_config.py::mypy 
[gw1] [  9%] PASSED ohnope/ohnope/test/test_config.py::mypy 
ohnope/ohnope/params/__init__.py::mypy 
[gw1] [ 11%] PASSED ohnope/ohnope/params/__init__.py::mypy 
ohnope/ohnope/__init__.py::mypy 
[gw1] [ 13%] PASSED ohnope/ohnope/__init__.py::mypy 
ohnope/ohnope/ohnope.py::mypy 
[gw1] [ 15%] PASSED ohnope/ohnope/ohnope.py::mypy 
ohnope/ohnope/config.py::mypy 
[gw1] [ 17%] PASSED ohnope/ohnope/config.py::mypy 
ohnope/ohnope/test/__init__.py::mypy 
[gw1] [ 19%] PASSED ohnope/ohnope/test/__init__.py::mypy 
ohnope/ohnope/params/ohnope.py::mypy 
[gw1] [ 21%] PASSED ohnope/ohnope/params/ohnope.py::mypy 
ohnope/ohnope/test/test_ohnope.py::mypy 
[gw1] [ 23%] PASSED ohnope/ohnope/test/test_ohnope.py::mypy 
ohnope/ohnope/test/test_service.py::mypy 
[gw1] [ 25%] PASSED ohnope/ohnope/test/test_service.py::mypy 
[gw2] [ 27%] PASSED ohnope/execution/test/test_crypts.py::mypy 
ohnope/plugins/operserv/__init__.py::mypy 
ohnope/execution/test/__init__.py::mypy 
[gw2] [ 29%] PASSED ohnope/execution/test/__init__.py::mypy 
[gw1] [ 31%] PASSED ohnope/plugins/operserv/__init__.py::mypy 
ohnope/plugins/rootserv/params.py::mypy 
ohnope/__init__.py::mypy 
[gw2] [ 33%] PASSED ohnope/__init__.py::mypy 
[gw1] [ 35%] PASSED ohnope/plugins/rootserv/params.py::mypy 
ohnope/plugins/hostserv/plugin.py::mypy 
ohnope/plugins/memoserv/__init__.py::mypy 
[gw1] [ 37%] PASSED ohnope/plugins/memoserv/__init__.py::mypy 
[gw2] [ 39%] PASSED ohnope/plugins/hostserv/plugin.py::mypy 
ohnope/plugins/rootserv/plugin.py::mypy 
ohnope/plugins/chanserv/params.py::mypy 
[gw2] [ 41%] PASSED ohnope/plugins/rootserv/plugin.py::mypy 
[gw1] [ 43%] PASSED ohnope/plugins/chanserv/params.py::mypy 
ohnope/plugins/rootserv/__init__.py::mypy 
ohnope/plugins/hostserv/__init__.py::mypy 
[gw2] [ 45%] PASSED ohnope/plugins/rootserv/__init__.py::mypy 
[gw1] [ 47%] PASSED ohnope/plugins/hostserv/__init__.py::mypy 
ohnope/plugins/nickserv/plugin.py::mypy 
ohnope/plugins/memoserv/plugin.py::mypy 
[gw2] [ 49%] PASSED ohnope/plugins/nickserv/plugin.py::mypy 
[gw1] [ 50%] PASSED ohnope/plugins/memoserv/plugin.py::mypy 
ohnope/plugins/chatserv/plugin.py::mypy 
ohnope/plugins/chatserv/__init__.py::mypy 
[gw2] [ 52%] PASSED ohnope/plugins/chatserv/plugin.py::mypy 
[gw1] [ 54%] PASSED ohnope/plugins/chatserv/__init__.py::mypy 
ohnope/plugins/memoserv/params.py::mypy 
ohnope/plugins/nickserv/params.py::mypy 
[gw2] [ 56%] PASSED ohnope/plugins/memoserv/params.py::mypy 
[gw1] [ 58%] PASSED ohnope/plugins/nickserv/params.py::mypy 
ohnope/plugins/operserv/plugin.py::mypy 
ohnope/plugins/helpserv/__init__.py::mypy 
[gw2] [ 60%] PASSED ohnope/plugins/operserv/plugin.py::mypy 
[gw1] [ 62%] PASSED ohnope/plugins/helpserv/__init__.py::mypy 
ohnope/plugins/helpserv/plugin.py::mypy 
ohnope/plugins/helpserv/params.py::mypy 
[gw2] [ 64%] PASSED ohnope/plugins/helpserv/plugin.py::mypy 
[gw1] [ 66%] PASSED ohnope/plugins/helpserv/params.py::mypy 
ohnope/plugins/statserv/params.py::mypy 
ohnope/plugins/statserv/__init__.py::mypy 
[gw3] [ 68%] PASSED ohnope/execution/__init__.py::mypy 
ohnope/execution/service.py::mypy 
[gw2] [ 70%] PASSED ohnope/plugins/statserv/params.py::mypy 
[gw1] [ 72%] PASSED ohnope/plugins/statserv/__init__.py::mypy 
[gw3] [ 74%] PASSED ohnope/execution/service.py::mypy 
ohnope/plugins/operserv/params.py::mypy 
ohnope/plugins/__init__.py::mypy 
ohnope/execution/test/test_service.py::mypy 
[gw2] [ 76%] PASSED ohnope/plugins/operserv/params.py::mypy 
[gw1] [ 78%] PASSED ohnope/plugins/__init__.py::mypy 
[gw3] [ 80%] PASSED ohnope/execution/test/test_service.py::mypy 
ohnope/plugins/statserv/plugin.py::mypy 
ohnope/plugins/chanserv/plugin.py::mypy 
[gw2] [ 82%] PASSED ohnope/plugins/chanserv/plugin.py::mypy 
ohnope/plugins/nickserv/__init__.py::mypy 
[gw1] [ 84%] PASSED ohnope/plugins/statserv/plugin.py::mypy 
ohnope/plugins/chatserv/params.py::mypy 
[gw3] [ 86%] PASSED ohnope/plugins/nickserv/__init__.py::mypy 
ohnope/plugins/chanserv/__init__.py::mypy 
ohnope/plugins/hostserv/params.py::mypy 
[gw2] [ 88%] PASSED ohnope/plugins/chatserv/params.py::mypy 
[gw1] [ 90%] PASSED ohnope/plugins/chanserv/__init__.py::mypy 
[gw3] [ 92%] PASSED ohnope/plugins/hostserv/params.py::mypy 
ohnope/execution/test/test_service.py::test_arguments 
ohnope/execution/test/test_crypts.py::test_arguments 
[gw2] [ 94%] PASSED ohnope/execution/test/test_service.py::test_arguments 
[gw1] [ 96%] PASSED ohnope/execution/test/test_crypts.py::test_arguments 
[gw0] [ 98%] PASSED ohnope/ohnope/test/test_service.py::test_RobieService 
ohnope/ohnope/test/test_ohnope.py::test_Ohnope 
[gw0] [100%] PASSED ohnope/ohnope/test/test_ohnope.py::test_Ohnope 

---------- coverage: platform linux, python 3.12.9-final-0 -----------
Name                                    Stmts   Miss  Cover
-----------------------------------------------------------
ohnope/__init__.py                          5      0   100%
ohnope/conftest.py                         27      0   100%
ohnope/execution/__init__.py                0      0   100%
ohnope/execution/crypts.py                 18      0   100%
ohnope/execution/service.py                19      0   100%
ohnope/execution/test/__init__.py           0      0   100%
ohnope/execution/test/test_crypts.py        4      0   100%
ohnope/execution/test/test_service.py       4      0   100%
ohnope/ohnope/__init__.py                   4      0   100%
ohnope/ohnope/config.py                    56      0   100%
ohnope/ohnope/ohnope.py                   145      0   100%
ohnope/ohnope/params/__init__.py            2      0   100%
ohnope/ohnope/params/ohnope.py             58      0   100%
ohnope/ohnope/test/__init__.py              2      0   100%
ohnope/ohnope/test/test_config.py          20      0   100%
ohnope/ohnope/test/test_ohnope.py          25      0   100%
ohnope/ohnope/test/test_service.py         21      0   100%
ohnope/plugins/__init__.py                 19      0   100%
ohnope/plugins/chanserv/__init__.py         3      0   100%
ohnope/plugins/chanserv/params.py          13      0   100%
ohnope/plugins/chanserv/plugin.py          35      0   100%
ohnope/plugins/chatserv/__init__.py         3      0   100%
ohnope/plugins/chatserv/params.py          13      0   100%
ohnope/plugins/chatserv/plugin.py          35      0   100%
ohnope/plugins/helpserv/__init__.py         3      0   100%
ohnope/plugins/helpserv/params.py          13      0   100%
ohnope/plugins/helpserv/plugin.py          35      0   100%
ohnope/plugins/hostserv/__init__.py         3      0   100%
ohnope/plugins/hostserv/params.py          13      0   100%
ohnope/plugins/hostserv/plugin.py          35      0   100%
ohnope/plugins/memoserv/__init__.py         3      0   100%
ohnope/plugins/memoserv/params.py          13      0   100%
ohnope/plugins/memoserv/plugin.py          35      0   100%
ohnope/plugins/nickserv/__init__.py         3      0   100%
ohnope/plugins/nickserv/params.py          13      0   100%
ohnope/plugins/nickserv/plugin.py          35      0   100%
ohnope/plugins/operserv/__init__.py         3      0   100%
ohnope/plugins/operserv/params.py          13      0   100%
ohnope/plugins/operserv/plugin.py          35      0   100%
ohnope/plugins/rootserv/__init__.py         3      0   100%
ohnope/plugins/rootserv/params.py          13      0   100%
ohnope/plugins/rootserv/plugin.py          35      0   100%
ohnope/plugins/statserv/__init__.py         3      0   100%
ohnope/plugins/statserv/params.py          13      0   100%
ohnope/plugins/statserv/plugin.py          35      0   100%
-----------------------------------------------------------
TOTAL                                     888      0   100%

===================================== mypy =====================================

Success: no issues found in 45 source files
============================= 51 passed in 23.56s ==============================
    DONE
  ● Write coveragepy output to htmlcov..
    DONE
  ● Write coveragepy output to coverage.json..
    DONE
