>>> make pytest
  ● Executing pytest in ohnope..
============================= test session starts ==============================
platform linux -- Python 3.12.10, pytest-8.3.5, pluggy-1.6.0 -- /home/runner/work/ohnope/ohnope/main/.venv-package/bin/python3
cachedir: .pytest_cache
Using --randomly-seed=4003580878
rootdir: /home/runner/work/ohnope/ohnope/main
configfile: pyproject.toml
plugins: sphinx-0.6.3, clarity-1.0.1, mock-3.14.0, anyio-4.9.0, respx-0.22.0, xdist-3.6.1, mypy-1.0.1, cov-6.1.1, randomly-3.16.0
created: 4/4 workers
4 workers [52 items]

scheduling tests via LoadScheduling

ohnope/__init__.py::mypy-status 
ohnope/execution/test/test_crypts.py::test_arguments 
ohnope/execution/test/test_service.py::mypy 
ohnope/execution/crypts.py::mypy 
[gw1] [  1%] PASSED ohnope/execution/test/test_crypts.py::test_arguments 
ohnope/execution/__init__.py::mypy 
[gw0] [  3%] PASSED ohnope/__init__.py::mypy-status 
ohnope/execution/test/test_crypts.py::mypy 
[gw0] [  5%] PASSED ohnope/execution/test/test_crypts.py::mypy 
ohnope/conftest.py::mypy 
[gw0] [  7%] PASSED ohnope/conftest.py::mypy 
ohnope/ohnope/ohnope.py::mypy 
[gw0] [  9%] PASSED ohnope/ohnope/ohnope.py::mypy 
ohnope/ohnope/params/person.py::mypy 
[gw0] [ 11%] PASSED ohnope/ohnope/params/person.py::mypy 
ohnope/ohnope/__init__.py::mypy 
[gw0] [ 13%] PASSED ohnope/ohnope/__init__.py::mypy 
ohnope/ohnope/test/test_config.py::mypy 
[gw0] [ 15%] PASSED ohnope/ohnope/test/test_config.py::mypy 
ohnope/ohnope/test/__init__.py::mypy 
[gw3] [ 17%] PASSED ohnope/execution/test/test_service.py::mypy 
[gw0] [ 19%] PASSED ohnope/ohnope/test/__init__.py::mypy 
ohnope/ohnope/config.py::mypy 
ohnope/ohnope/params/ohnope.py::mypy 
[gw1] [ 21%] PASSED ohnope/execution/__init__.py::mypy 
[gw3] [ 23%] PASSED ohnope/ohnope/config.py::mypy 
ohnope/execution/test/__init__.py::mypy 
ohnope/ohnope/params/__init__.py::mypy 
[gw1] [ 25%] PASSED ohnope/execution/test/__init__.py::mypy 
[gw3] [ 26%] PASSED ohnope/ohnope/params/__init__.py::mypy 
ohnope/ohnope/test/test_service.py::mypy 
ohnope/plugins/hostserv/__init__.py::mypy 
[gw1] [ 28%] PASSED ohnope/ohnope/test/test_service.py::mypy 
ohnope/plugins/operserv/params.py::mypy 
[gw3] [ 30%] PASSED ohnope/plugins/hostserv/__init__.py::mypy 
ohnope/plugins/nickserv/__init__.py::mypy 
[gw1] [ 32%] PASSED ohnope/plugins/operserv/params.py::mypy 
[gw3] [ 34%] PASSED ohnope/plugins/nickserv/__init__.py::mypy 
ohnope/plugins/chanserv/__init__.py::mypy 
ohnope/plugins/hostserv/params.py::mypy 
[gw1] [ 36%] PASSED ohnope/plugins/chanserv/__init__.py::mypy 
ohnope/plugins/rootserv/params.py::mypy 
[gw1] [ 38%] PASSED ohnope/plugins/rootserv/params.py::mypy 
ohnope/plugins/operserv/plugin.py::mypy 
[gw1] [ 40%] PASSED ohnope/plugins/operserv/plugin.py::mypy 
ohnope/plugins/__init__.py::mypy 
[gw1] [ 42%] PASSED ohnope/plugins/__init__.py::mypy 
ohnope/plugins/chanserv/plugin.py::mypy 
[gw1] [ 44%] PASSED ohnope/plugins/chanserv/plugin.py::mypy 
ohnope/plugins/rootserv/plugin.py::mypy 
[gw1] [ 46%] PASSED ohnope/plugins/rootserv/plugin.py::mypy 
ohnope/plugins/rootserv/__init__.py::mypy 
[gw1] [ 48%] PASSED ohnope/plugins/rootserv/__init__.py::mypy 
ohnope/plugins/memoserv/plugin.py::mypy 
[gw2] [ 50%] PASSED ohnope/execution/crypts.py::mypy 
[gw0] [ 51%] PASSED ohnope/ohnope/params/ohnope.py::mypy 
ohnope/execution/service.py::mypy 
ohnope/ohnope/test/test_ohnope.py::mypy 
[gw2] [ 53%] PASSED ohnope/execution/service.py::mypy 
[gw0] [ 55%] PASSED ohnope/ohnope/test/test_ohnope.py::mypy 
ohnope/__init__.py::mypy 
ohnope/plugins/helpserv/plugin.py::mypy 
[gw2] [ 57%] PASSED ohnope/__init__.py::mypy 
ohnope/plugins/chatserv/__init__.py::mypy 
[gw0] [ 59%] PASSED ohnope/plugins/helpserv/plugin.py::mypy 
ohnope/plugins/hostserv/plugin.py::mypy 
[gw2] [ 61%] PASSED ohnope/plugins/chatserv/__init__.py::mypy 
ohnope/plugins/statserv/__init__.py::mypy 
[gw0] [ 63%] PASSED ohnope/plugins/hostserv/plugin.py::mypy 
ohnope/plugins/nickserv/plugin.py::mypy 
[gw2] [ 65%] PASSED ohnope/plugins/statserv/__init__.py::mypy 
ohnope/plugins/memoserv/__init__.py::mypy 
[gw0] [ 67%] PASSED ohnope/plugins/nickserv/plugin.py::mypy 
[gw3] [ 69%] PASSED ohnope/plugins/hostserv/params.py::mypy 
ohnope/plugins/operserv/__init__.py::mypy 
[gw2] [ 71%] PASSED ohnope/plugins/memoserv/__init__.py::mypy 
ohnope/plugins/statserv/params.py::mypy 
ohnope/plugins/nickserv/params.py::mypy 
[gw0] [ 73%] PASSED ohnope/plugins/operserv/__init__.py::mypy 
[gw3] [ 75%] PASSED ohnope/plugins/statserv/params.py::mypy 
ohnope/plugins/chatserv/plugin.py::mypy 
[gw2] [ 76%] PASSED ohnope/plugins/nickserv/params.py::mypy 
ohnope/plugins/memoserv/params.py::mypy 
ohnope/plugins/chatserv/params.py::mypy 
[gw0] [ 78%] PASSED ohnope/plugins/chatserv/plugin.py::mypy 
ohnope/plugins/chanserv/params.py::mypy 
[gw2] [ 80%] PASSED ohnope/plugins/chatserv/params.py::mypy 
ohnope/plugins/helpserv/params.py::mypy 
[gw0] [ 82%] PASSED ohnope/plugins/chanserv/params.py::mypy 
ohnope/execution/test/test_service.py::test_arguments 
[gw2] [ 84%] PASSED ohnope/plugins/helpserv/params.py::mypy 
ohnope/ohnope/test/test_ohnope.py::test_Ohnope 
[gw0] [ 86%] PASSED ohnope/execution/test/test_service.py::test_arguments 
ohnope/ohnope/test/test_service.py::test_RobieService 
[gw1] [ 88%] PASSED ohnope/plugins/memoserv/plugin.py::mypy 
ohnope/plugins/helpserv/__init__.py::mypy 
[gw1] [ 90%] PASSED ohnope/plugins/helpserv/__init__.py::mypy 
[gw3] [ 92%] PASSED ohnope/plugins/memoserv/params.py::mypy 
ohnope/plugins/statserv/plugin.py::mypy 
[gw3] [ 94%] PASSED ohnope/plugins/statserv/plugin.py::mypy 
[gw2] [ 96%] PASSED ohnope/ohnope/test/test_ohnope.py::test_Ohnope 
ohnope/ohnope/test/test_config.py::test_OhnopeConfig 
[gw2] [ 98%] PASSED ohnope/ohnope/test/test_config.py::test_OhnopeConfig 
[gw0] [100%] PASSED ohnope/ohnope/test/test_service.py::test_RobieService 
===================================== mypy =====================================

Success: no issues found in 46 source files
================================ tests coverage ================================
_______________ coverage: platform linux, python 3.12.10-final-0 _______________

Name                                    Stmts   Miss  Cover
-----------------------------------------------------------
ohnope/__init__.py                          5      0   100%
ohnope/conftest.py                         27      0   100%
ohnope/execution/__init__.py                0      0   100%
ohnope/execution/crypts.py                 18      0   100%
ohnope/execution/service.py                19      0   100%
ohnope/execution/test/__init__.py           0      0   100%
ohnope/execution/test/test_crypts.py        4      0   100%
ohnope/execution/test/test_service.py       4      0   100%
ohnope/ohnope/__init__.py                   4      0   100%
ohnope/ohnope/config.py                    61      0   100%
ohnope/ohnope/ohnope.py                   150      0   100%
ohnope/ohnope/params/__init__.py            3      0   100%
ohnope/ohnope/params/ohnope.py             60      0   100%
ohnope/ohnope/params/person.py              9      0   100%
ohnope/ohnope/test/__init__.py              2      0   100%
ohnope/ohnope/test/test_config.py          20      0   100%
ohnope/ohnope/test/test_ohnope.py          25      0   100%
ohnope/ohnope/test/test_service.py         21      0   100%
ohnope/plugins/__init__.py                 19      0   100%
ohnope/plugins/chanserv/__init__.py         3      0   100%
ohnope/plugins/chanserv/params.py          13      0   100%
ohnope/plugins/chanserv/plugin.py          45      0   100%
ohnope/plugins/chatserv/__init__.py         3      0   100%
ohnope/plugins/chatserv/params.py          13      0   100%
ohnope/plugins/chatserv/plugin.py          45      0   100%
ohnope/plugins/helpserv/__init__.py         3      0   100%
ohnope/plugins/helpserv/params.py          13      0   100%
ohnope/plugins/helpserv/plugin.py          45      0   100%
ohnope/plugins/hostserv/__init__.py         3      0   100%
ohnope/plugins/hostserv/params.py          13      0   100%
ohnope/plugins/hostserv/plugin.py          45      0   100%
ohnope/plugins/memoserv/__init__.py         3      0   100%
ohnope/plugins/memoserv/params.py          13      0   100%
ohnope/plugins/memoserv/plugin.py          45      0   100%
ohnope/plugins/nickserv/__init__.py         3      0   100%
ohnope/plugins/nickserv/params.py          13      0   100%
ohnope/plugins/nickserv/plugin.py          45      0   100%
ohnope/plugins/operserv/__init__.py         3      0   100%
ohnope/plugins/operserv/params.py          13      0   100%
ohnope/plugins/operserv/plugin.py          45      0   100%
ohnope/plugins/rootserv/__init__.py         3      0   100%
ohnope/plugins/rootserv/params.py          13      0   100%
ohnope/plugins/rootserv/plugin.py          45      0   100%
ohnope/plugins/statserv/__init__.py         3      0   100%
ohnope/plugins/statserv/params.py          13      0   100%
ohnope/plugins/statserv/plugin.py          45      0   100%
-----------------------------------------------------------
TOTAL                                    1000      0   100%
============================= 52 passed in 31.54s ==============================
    DONE
  ● Write coveragepy output to htmlcov..
    DONE
  ● Write coveragepy output to coverage.json..
    DONE
