>>> make cleanup-pycache
  ● Removing Python cache files..
    DONE
  ● Remove package cache files..
    DONE
>>> make cleanup-pytest
  ● Removing pytest cache files..
    DONE
>>> make cleanup-coveragepy
  ● Removing coveragepy cache files..
    DONE
>>> make cleanup-mypy
  ● Removing mypy cache files..
    DONE
>>> make pytest
  ● Executing pytest in ohnope..
============================= test session starts ==============================
platform linux -- Python 3.12.6, pytest-8.3.3, pluggy-1.5.0 -- /home/runner/work/ohnope/ohnope/main/.venv-package/bin/python3
cachedir: .pytest_cache
Using --randomly-seed=169547828
rootdir: /home/runner/work/ohnope/ohnope/main
configfile: pyproject.toml
plugins: clarity-1.0.1, anyio-4.6.0, mypy-0.10.3, randomly-3.15.0, xdist-3.6.1, sphinx-0.6.3, cov-5.0.0
created: 4/4 workers
4 workers [10 items]

scheduling tests via LoadScheduling

ohnope/ohnope/test/test_config.py::test_OhnopeConfig 
ohnope/ohnope/test/__init__.py::mypy 
ohnope/ohnope/__init__.py::mypy 
ohnope/ohnope/test/test_config.py::mypy 
[gw1] [ 10%] PASSED ohnope/ohnope/test/test_config.py::test_OhnopeConfig 
ohnope/ohnope/config.py::mypy 
[gw3] [ 20%] PASSED ohnope/ohnope/test/test_config.py::mypy 
ohnope/ohnope/params/ohnope.py::mypy 
[gw3] [ 30%] PASSED ohnope/ohnope/params/ohnope.py::mypy 
[gw2] [ 40%] PASSED ohnope/ohnope/__init__.py::mypy 
[gw1] [ 50%] PASSED ohnope/ohnope/config.py::mypy 
ohnope/conftest.py::mypy 
[gw0] [ 60%] PASSED ohnope/ohnope/test/__init__.py::mypy 
[gw3] [ 70%] PASSED ohnope/conftest.py::mypy 
ohnope/__init__.py::mypy-status 
ohnope/__init__.py::mypy 
ohnope/ohnope/params/__init__.py::mypy 
[gw0] [ 80%] PASSED ohnope/__init__.py::mypy-status 
[gw2] [ 90%] PASSED ohnope/__init__.py::mypy 
[gw1] [100%] PASSED ohnope/ohnope/params/__init__.py::mypy 

---------- coverage: platform linux, python 3.12.6-final-0 -----------
Name                                Stmts   Miss  Cover
-------------------------------------------------------
ohnope/__init__.py                      5      0   100%
ohnope/conftest.py                     18      0   100%
ohnope/ohnope/__init__.py               2      0   100%
ohnope/ohnope/config.py                46      0   100%
ohnope/ohnope/params/__init__.py        2      0   100%
ohnope/ohnope/params/ohnope.py         17      0   100%
ohnope/ohnope/test/__init__.py          2      0   100%
ohnope/ohnope/test/test_config.py      20      0   100%
-------------------------------------------------------
TOTAL                                 112      0   100%

===================================== mypy =====================================

Success: no issues found in 8 source files
============================= 10 passed in 28.47s ==============================
    DONE
  ● Write coveragepy output to htmlcov..
    DONE
  ● Write coveragepy output to coverage.json..
    DONE
