>>> make pytest
  ● Executing pytest in ohnope..
============================= test session starts ==============================
platform linux -- Python 3.12.10, pytest-8.4.1, pluggy-1.6.0 -- /home/runner/work/ohnope/ohnope/main/.venv-package/bin/python3
cachedir: .pytest_cache
Using --randomly-seed=1329591589
rootdir: /home/runner/work/ohnope/ohnope/main
configfile: pyproject.toml
plugins: xdist-3.7.0, sphinx-0.6.3, clarity-1.0.1, anyio-4.9.0, respx-0.22.0, mock-3.14.1, mypy-1.0.1, randomly-3.16.0, cov-6.2.1
created: 4/4 workers
4 workers [5 items]

scheduling tests via LoadScheduling

ohnope/execution/test/test_service.py::test_arguments 
ohnope/ohnope/test/test_service.py::test_RobieService 
ohnope/execution/test/test_crypts.py::test_arguments 
ohnope/ohnope/test/test_config.py::test_OhnopeConfig 
[gw3] [ 20%] PASSED ohnope/execution/test/test_crypts.py::test_arguments 
[gw0] [ 40%] PASSED ohnope/execution/test/test_service.py::test_arguments 
ohnope/ohnope/test/test_ohnope.py::test_Ohnope 
[gw2] [ 60%] PASSED ohnope/ohnope/test/test_config.py::test_OhnopeConfig 
[gw0] [ 80%] PASSED ohnope/ohnope/test/test_ohnope.py::test_Ohnope 
[gw1] [100%] PASSED ohnope/ohnope/test/test_service.py::test_RobieService 

================================ tests coverage ================================
_______________ coverage: platform linux, python 3.12.10-final-0 _______________

Name                                    Stmts   Miss  Cover
-----------------------------------------------------------
ohnope/__init__.py                          5      0   100%
ohnope/conftest.py                         27      0   100%
ohnope/execution/__init__.py                0      0   100%
ohnope/execution/crypts.py                 18      0   100%
ohnope/execution/service.py                19      0   100%
ohnope/execution/test/__init__.py           0      0   100%
ohnope/execution/test/test_crypts.py        4      0   100%
ohnope/execution/test/test_service.py       4      0   100%
ohnope/ohnope/__init__.py                   4      0   100%
ohnope/ohnope/config.py                    61      0   100%
ohnope/ohnope/ohnope.py                   150      0   100%
ohnope/ohnope/params/__init__.py            3      0   100%
ohnope/ohnope/params/ohnope.py             60      0   100%
ohnope/ohnope/params/person.py              9      0   100%
ohnope/ohnope/test/__init__.py              2      0   100%
ohnope/ohnope/test/test_config.py          20      0   100%
ohnope/ohnope/test/test_ohnope.py          25      0   100%
ohnope/ohnope/test/test_service.py         21      0   100%
ohnope/plugins/__init__.py                 19      0   100%
ohnope/plugins/chanserv/__init__.py         3      0   100%
ohnope/plugins/chanserv/params.py          13      0   100%
ohnope/plugins/chanserv/plugin.py          45      0   100%
ohnope/plugins/chatserv/__init__.py         3      0   100%
ohnope/plugins/chatserv/params.py          13      0   100%
ohnope/plugins/chatserv/plugin.py          45      0   100%
ohnope/plugins/helpserv/__init__.py         3      0   100%
ohnope/plugins/helpserv/params.py          13      0   100%
ohnope/plugins/helpserv/plugin.py          45      0   100%
ohnope/plugins/hostserv/__init__.py         3      0   100%
ohnope/plugins/hostserv/params.py          13      0   100%
ohnope/plugins/hostserv/plugin.py          45      0   100%
ohnope/plugins/memoserv/__init__.py         3      0   100%
ohnope/plugins/memoserv/params.py          13      0   100%
ohnope/plugins/memoserv/plugin.py          45      0   100%
ohnope/plugins/nickserv/__init__.py         3      0   100%
ohnope/plugins/nickserv/params.py          13      0   100%
ohnope/plugins/nickserv/plugin.py          45      0   100%
ohnope/plugins/operserv/__init__.py         3      0   100%
ohnope/plugins/operserv/params.py          13      0   100%
ohnope/plugins/operserv/plugin.py          45      0   100%
ohnope/plugins/rootserv/__init__.py         3      0   100%
ohnope/plugins/rootserv/params.py          13      0   100%
ohnope/plugins/rootserv/plugin.py          45      0   100%
ohnope/plugins/statserv/__init__.py         3      0   100%
ohnope/plugins/statserv/params.py          13      0   100%
ohnope/plugins/statserv/plugin.py          45      0   100%
-----------------------------------------------------------
TOTAL                                    1000      0   100%
============================== 5 passed in 22.97s ==============================
    DONE
  ● Write coveragepy output to htmlcov..
    DONE
  ● Write coveragepy output to coverage.json..
    DONE
