>>> make pytest
  ‚óè Executing pytest in ohnope..
============================= test session starts ==============================
platform linux -- Python 3.12.10, pytest-8.4.0, pluggy-1.6.0 -- /home/runner/work/ohnope/ohnope/main/.venv-package/bin/python3
cachedir: .pytest_cache
Using --randomly-seed=716701273
rootdir: /home/runner/work/ohnope/ohnope/main
configfile: pyproject.toml
plugins: xdist-3.7.0, sphinx-0.6.3, clarity-1.0.1, anyio-4.9.0, respx-0.22.0, mock-3.14.1, mypy-1.0.1, randomly-3.16.0, cov-6.2.1
created: 4/4 workers
4 workers [52 items]

scheduling tests via LoadScheduling

ohnope/ohnope/test/test_config.py::test_OhnopeConfig 
ohnope/execution/test/test_crypts.py::test_arguments 
ohnope/execution/test/test_crypts.py::mypy 
ohnope/conftest.py::mypy 
[gw1] [  1%] PASSED ohnope/execution/test/test_crypts.py::test_arguments 
ohnope/execution/test/test_service.py::test_arguments 
[gw1] [  3%] PASSED ohnope/execution/test/test_service.py::test_arguments 
ohnope/execution/test/__init__.py::mypy 
[gw0] [  5%] PASSED ohnope/ohnope/test/test_config.py::test_OhnopeConfig 
ohnope/ohnope/test/test_service.py::test_RobieService 
[gw2] [  7%] PASSED ohnope/conftest.py::mypy 
ohnope/execution/service.py::mypy 
[gw2] [  9%] PASSED ohnope/execution/service.py::mypy 
ohnope/__init__.py::mypy 
[gw2] [ 11%] PASSED ohnope/__init__.py::mypy 
ohnope/ohnope/ohnope.py::mypy 
[gw2] [ 13%] PASSED ohnope/ohnope/ohnope.py::mypy 
ohnope/ohnope/test/test_config.py::mypy 
[gw2] [ 15%] PASSED ohnope/ohnope/test/test_config.py::mypy 
ohnope/ohnope/params/person.py::mypy 
[gw2] [ 17%] PASSED ohnope/ohnope/params/person.py::mypy 
ohnope/ohnope/params/ohnope.py::mypy 
[gw2] [ 19%] PASSED ohnope/ohnope/params/ohnope.py::mypy 
ohnope/ohnope/config.py::mypy 
[gw2] [ 21%] FAILED ohnope/ohnope/config.py::mypy 
ohnope/ohnope/test/__init__.py::mypy 
[gw2] [ 23%] PASSED ohnope/ohnope/test/__init__.py::mypy 
ohnope/ohnope/test/test_ohnope.py::mypy 
[gw2] [ 25%] PASSED ohnope/ohnope/test/test_ohnope.py::mypy 
ohnope/ohnope/test/test_service.py::mypy 
[gw2] [ 26%] PASSED ohnope/ohnope/test/test_service.py::mypy 
ohnope/plugins/rootserv/__init__.py::mypy 
[gw2] [ 28%] PASSED ohnope/plugins/rootserv/__init__.py::mypy 
ohnope/plugins/operserv/plugin.py::mypy 
[gw2] [ 30%] PASSED ohnope/plugins/operserv/plugin.py::mypy 
ohnope/plugins/operserv/__init__.py::mypy 
[gw2] [ 32%] PASSED ohnope/plugins/operserv/__init__.py::mypy 
ohnope/plugins/chanserv/params.py::mypy 
[gw2] [ 34%] PASSED ohnope/plugins/chanserv/params.py::mypy 
ohnope/plugins/statserv/plugin.py::mypy 
[gw2] [ 36%] PASSED ohnope/plugins/statserv/plugin.py::mypy 
ohnope/plugins/chatserv/params.py::mypy 
[gw2] [ 38%] PASSED ohnope/plugins/chatserv/params.py::mypy 
ohnope/plugins/chanserv/__init__.py::mypy 
[gw2] [ 40%] PASSED ohnope/plugins/chanserv/__init__.py::mypy 
ohnope/plugins/memoserv/__init__.py::mypy 
[gw2] [ 42%] PASSED ohnope/plugins/memoserv/__init__.py::mypy 
ohnope/plugins/hostserv/params.py::mypy 
[gw2] [ 44%] PASSED ohnope/plugins/hostserv/params.py::mypy 
ohnope/plugins/rootserv/params.py::mypy 
[gw2] [ 46%] PASSED ohnope/plugins/rootserv/params.py::mypy 
ohnope/plugins/statserv/params.py::mypy 
[gw2] [ 48%] PASSED ohnope/plugins/statserv/params.py::mypy 
ohnope/plugins/chanserv/plugin.py::mypy 
[gw1] [ 50%] PASSED ohnope/execution/test/__init__.py::mypy 
ohnope/execution/__init__.py::mypy 
[gw1] [ 51%] PASSED ohnope/execution/__init__.py::mypy 
ohnope/execution/test/test_service.py::mypy 
[gw1] [ 53%] PASSED ohnope/execution/test/test_service.py::mypy 
ohnope/ohnope/__init__.py::mypy 
[gw1] [ 55%] PASSED ohnope/ohnope/__init__.py::mypy 
ohnope/ohnope/params/__init__.py::mypy 
[gw1] [ 57%] PASSED ohnope/ohnope/params/__init__.py::mypy 
ohnope/plugins/helpserv/params.py::mypy 
[gw1] [ 59%] PASSED ohnope/plugins/helpserv/params.py::mypy 
ohnope/plugins/helpserv/plugin.py::mypy 
[gw1] [ 61%] PASSED ohnope/plugins/helpserv/plugin.py::mypy 
ohnope/plugins/nickserv/plugin.py::mypy 
[gw1] [ 63%] PASSED ohnope/plugins/nickserv/plugin.py::mypy 
ohnope/plugins/hostserv/__init__.py::mypy 
[gw1] [ 65%] PASSED ohnope/plugins/hostserv/__init__.py::mypy 
ohnope/plugins/memoserv/params.py::mypy 
[gw1] [ 67%] PASSED ohnope/plugins/memoserv/params.py::mypy 
ohnope/plugins/nickserv/__init__.py::mypy 
[gw3] [ 69%] PASSED ohnope/execution/test/test_crypts.py::mypy 
ohnope/execution/crypts.py::mypy 
[gw3] [ 71%] PASSED ohnope/execution/crypts.py::mypy 
ohnope/__init__.py::mypy-status 
[gw3] [ 73%] FAILED ohnope/__init__.py::mypy-status 
ohnope/plugins/__init__.py::mypy 
[gw2] [ 75%] PASSED ohnope/plugins/chanserv/plugin.py::mypy 
ohnope/plugins/statserv/__init__.py::mypy 
[gw2] [ 76%] PASSED ohnope/plugins/statserv/__init__.py::mypy 
ohnope/plugins/rootserv/plugin.py::mypy 
[gw2] [ 78%] PASSED ohnope/plugins/rootserv/plugin.py::mypy 
ohnope/plugins/helpserv/__init__.py::mypy 
[gw2] [ 80%] PASSED ohnope/plugins/helpserv/__init__.py::mypy 
ohnope/plugins/chatserv/plugin.py::mypy 
[gw2] [ 82%] PASSED ohnope/plugins/chatserv/plugin.py::mypy 
ohnope/plugins/chatserv/__init__.py::mypy 
[gw2] [ 84%] PASSED ohnope/plugins/chatserv/__init__.py::mypy 
ohnope/plugins/operserv/params.py::mypy 
[gw2] [ 86%] PASSED ohnope/plugins/operserv/params.py::mypy 
ohnope/plugins/nickserv/params.py::mypy 
[gw2] [ 88%] PASSED ohnope/plugins/nickserv/params.py::mypy 
[gw1] [ 90%] PASSED ohnope/plugins/nickserv/__init__.py::mypy 
ohnope/plugins/memoserv/plugin.py::mypy 
[gw1] [ 92%] PASSED ohnope/plugins/memoserv/plugin.py::mypy 
[gw3] [ 94%] PASSED ohnope/plugins/__init__.py::mypy 
ohnope/plugins/hostserv/plugin.py::mypy 
[gw3] [ 96%] PASSED ohnope/plugins/hostserv/plugin.py::mypy 
[gw0] [ 98%] PASSED ohnope/ohnope/test/test_service.py::test_RobieService 
ohnope/ohnope/test/test_ohnope.py::test_Ohnope 
[gw0] [100%] PASSED ohnope/ohnope/test/test_ohnope.py::test_Ohnope 

=================================== FAILURES ===================================
________________________ [mypy] ohnope/ohnope/config.py ________________________
[gw2] linux -- Python 3.12.10 /home/runner/work/ohnope/ohnope/main/.venv-package/bin/python3
143: error: Incompatible return value type (got "Params | None", expected "OhnopeParams")  [return-value]
186: error: Incompatible override of a setter type  [override]
186: note:  (base class "Config" defined the type as "Params | None",
186: note:  override has type "Params")
186: note:  Setter types should behave contravariantly
_________________________________ test session _________________________________
[gw3] linux -- Python 3.12.10 /home/runner/work/ohnope/ohnope/main/.venv-package/bin/python3
mypy exited with status 1.
===================================== mypy =====================================
Found 2 errors in 1 file (checked 46 source files)
================================ tests coverage ================================
_______________ coverage: platform linux, python 3.12.10-final-0 _______________

Name                                    Stmts   Miss  Cover
-----------------------------------------------------------
ohnope/__init__.py                          5      0   100%
ohnope/conftest.py                         27      0   100%
ohnope/execution/__init__.py                0      0   100%
ohnope/execution/crypts.py                 18      0   100%
ohnope/execution/service.py                19      0   100%
ohnope/execution/test/__init__.py           0      0   100%
ohnope/execution/test/test_crypts.py        4      0   100%
ohnope/execution/test/test_service.py       4      0   100%
ohnope/ohnope/__init__.py                   4      0   100%
ohnope/ohnope/config.py                    61      0   100%
ohnope/ohnope/ohnope.py                   150      0   100%
ohnope/ohnope/params/__init__.py            3      0   100%
ohnope/ohnope/params/ohnope.py             60      0   100%
ohnope/ohnope/params/person.py              9      0   100%
ohnope/ohnope/test/__init__.py              2      0   100%
ohnope/ohnope/test/test_config.py          20      0   100%
ohnope/ohnope/test/test_ohnope.py          25      0   100%
ohnope/ohnope/test/test_service.py         21      0   100%
ohnope/plugins/__init__.py                 19      0   100%
ohnope/plugins/chanserv/__init__.py         3      0   100%
ohnope/plugins/chanserv/params.py          13      0   100%
ohnope/plugins/chanserv/plugin.py          45      0   100%
ohnope/plugins/chatserv/__init__.py         3      0   100%
ohnope/plugins/chatserv/params.py          13      0   100%
ohnope/plugins/chatserv/plugin.py          45      0   100%
ohnope/plugins/helpserv/__init__.py         3      0   100%
ohnope/plugins/helpserv/params.py          13      0   100%
ohnope/plugins/helpserv/plugin.py          45      0   100%
ohnope/plugins/hostserv/__init__.py         3      0   100%
ohnope/plugins/hostserv/params.py          13      0   100%
ohnope/plugins/hostserv/plugin.py          45      0   100%
ohnope/plugins/memoserv/__init__.py         3      0   100%
ohnope/plugins/memoserv/params.py          13      0   100%
ohnope/plugins/memoserv/plugin.py          45      0   100%
ohnope/plugins/nickserv/__init__.py         3      0   100%
ohnope/plugins/nickserv/params.py          13      0   100%
ohnope/plugins/nickserv/plugin.py          45      0   100%
ohnope/plugins/operserv/__init__.py         3      0   100%
ohnope/plugins/operserv/params.py          13      0   100%
ohnope/plugins/operserv/plugin.py          45      0   100%
ohnope/plugins/rootserv/__init__.py         3      0   100%
ohnope/plugins/rootserv/params.py          13      0   100%
ohnope/plugins/rootserv/plugin.py          45      0   100%
ohnope/plugins/statserv/__init__.py         3      0   100%
ohnope/plugins/statserv/params.py          13      0   100%
ohnope/plugins/statserv/plugin.py          45      0   100%
-----------------------------------------------------------
TOTAL                                    1000      0   100%
=========================== short test summary info ============================
FAILED ohnope/ohnope/config.py::mypy
FAILED ohnope/__init__.py::mypy-status
======================== 2 failed, 50 passed in 24.66s =========================
